<?xml version="1.0" encoding="UTF-8"?>
<!-- Generated by org.testng.reporters.JUnitReportReporter -->
<testsuite hostname="Diptalok_Sahoo" failures="0" tests="1" name="runnerClass.RunnerIO" time="48.544" errors="0" timestamp="2024-03-18T18:07:32 IST" skipped="0">
  <testcase classname="runnerClass.RunnerIO" name="runScenario" time="48.544"/>
</testsuite> <!-- runnerClass.RunnerIO -->
